#-----------------------------------------------------------
# Vivado v2023.2 (64-bit)
# SW Build 4029153 on Fri Oct 13 20:14:34 MDT 2023
# IP Build 4028589 on Sat Oct 14 00:45:43 MDT 2023
# SharedData Build 4025554 on Tue Oct 10 17:18:54 MDT 2023
# Start of session at: Thu Dec 12 14:17:02 2024
# Process ID: 3140
# Current directory: C:/Users/L1510/Desktop/LA9/LA/cdp_ede_local-master/mycpu_env/gettrace
# Command line: vivado.exe -gui_launcher_event rodinguilauncherevent22220 C:\Users\L1510\Desktop\LA9\LA\cdp_ede_local-master\mycpu_env\gettrace\gettrace.xpr
# Log file: C:/Users/L1510/Desktop/LA9/LA/cdp_ede_local-master/mycpu_env/gettrace/vivado.log
# Journal file: C:/Users/L1510/Desktop/LA9/LA/cdp_ede_local-master/mycpu_env/gettrace\vivado.jou
# Running On: LAPTOP-FN6LDF86, OS: Windows, CPU Frequency: 2688 MHz, CPU Physical cores: 14, Host memory: 16781 MB
#-----------------------------------------------------------
start_gui
open_project C:/Users/L1510/Desktop/LA9/LA/cdp_ede_local-master/mycpu_env/gettrace/gettrace.xpr
WARNING: [Board 49-26] cannot add Board Part xilinx.com:k24c:part0:1.0 available at D:/Vivado/2023.2/data/xhub/boards/XilinxBoardStore/boards/Xilinx/k24c/1.0/board.xml as part xck24-ubva530-2lv-c specified in board_part file is either invalid or not available
WARNING: [Board 49-26] cannot add Board Part xilinx.com:k24i:part0:1.0 available at D:/Vivado/2023.2/data/xhub/boards/XilinxBoardStore/boards/Xilinx/k24i/1.0/board.xml as part xck24-ubva530-2lvi-i specified in board_part file is either invalid or not available
WARNING: [Board 49-26] cannot add Board Part xilinx.com:k26c:part0:1.2 available at D:/Vivado/2023.2/data/xhub/boards/XilinxBoardStore/boards/Xilinx/k26c/1.2/board.xml as part xck26-sfvc784-2lv-c specified in board_part file is either invalid or not available
WARNING: [Board 49-26] cannot add Board Part xilinx.com:k26c:part0:1.3 available at D:/Vivado/2023.2/data/xhub/boards/XilinxBoardStore/boards/Xilinx/k26c/1.3/board.xml as part xck26-sfvc784-2lv-c specified in board_part file is either invalid or not available
WARNING: [Board 49-26] cannot add Board Part xilinx.com:k26c:part0:1.4 available at D:/Vivado/2023.2/data/xhub/boards/XilinxBoardStore/boards/Xilinx/k26c/1.4/board.xml as part xck26-sfvc784-2lv-c specified in board_part file is either invalid or not available
WARNING: [Board 49-26] cannot add Board Part xilinx.com:k26i:part0:1.2 available at D:/Vivado/2023.2/data/xhub/boards/XilinxBoardStore/boards/Xilinx/k26i/1.2/board.xml as part xck26-sfvc784-2lvi-i specified in board_part file is either invalid or not available
WARNING: [Board 49-26] cannot add Board Part xilinx.com:k26i:part0:1.3 available at D:/Vivado/2023.2/data/xhub/boards/XilinxBoardStore/boards/Xilinx/k26i/1.3/board.xml as part xck26-sfvc784-2lvi-i specified in board_part file is either invalid or not available
WARNING: [Board 49-26] cannot add Board Part xilinx.com:k26i:part0:1.4 available at D:/Vivado/2023.2/data/xhub/boards/XilinxBoardStore/boards/Xilinx/k26i/1.4/board.xml as part xck26-sfvc784-2lvi-i specified in board_part file is either invalid or not available
WARNING: [Board 49-26] cannot add Board Part xilinx.com:kc705:part0:1.6 available at D:/Vivado/2023.2/data/xhub/boards/XilinxBoardStore/boards/Xilinx/kc705/1.6/board.xml as part xc7k325tffg900-2 specified in board_part file is either invalid or not available
WARNING: [Board 49-26] cannot add Board Part xilinx.com:kcu105:part0:1.6 available at D:/Vivado/2023.2/data/xhub/boards/XilinxBoardStore/boards/Xilinx/kcu105/1.6/board.xml as part xcku040-ffva1156-2-e specified in board_part file is either invalid or not available
WARNING: [Board 49-26] cannot add Board Part xilinx.com:kcu105:part0:1.7 available at D:/Vivado/2023.2/data/xhub/boards/XilinxBoardStore/boards/Xilinx/kcu105/1.7/board.xml as part xcku040-ffva1156-2-e specified in board_part file is either invalid or not available
WARNING: [Board 49-26] cannot add Board Part xilinx.com:kcu116:part0:1.4 available at D:/Vivado/2023.2/data/xhub/boards/XilinxBoardStore/boards/Xilinx/kcu116/1.4/board.xml as part xcku5p-ffvb676-2-e specified in board_part file is either invalid or not available
WARNING: [Board 49-26] cannot add Board Part xilinx.com:kcu116:part0:1.5 available at D:/Vivado/2023.2/data/xhub/boards/XilinxBoardStore/boards/Xilinx/kcu116/1.5/board.xml as part xcku5p-ffvb676-2-e specified in board_part file is either invalid or not available
WARNING: [Board 49-26] cannot add Board Part xilinx.com:kcu1500:part0:1.2 available at D:/Vivado/2023.2/data/xhub/boards/XilinxBoardStore/boards/Xilinx/kcu1500/1.2/board.xml as part xcku115-flvb2104-2-e specified in board_part file is either invalid or not available
WARNING: [Board 49-26] cannot add Board Part xilinx.com:kd240_som:part0:1.0 available at D:/Vivado/2023.2/data/xhub/boards/XilinxBoardStore/boards/Xilinx/kd240_som/1.0/board.xml as part xck24-ubva530-2lv-c specified in board_part file is either invalid or not available
WARNING: [Board 49-26] cannot add Board Part xilinx.com:kr260_som:part0:1.0 available at D:/Vivado/2023.2/data/xhub/boards/XilinxBoardStore/boards/Xilinx/kr260_som/1.0/board.xml as part xck26-sfvc784-2lv-c specified in board_part file is either invalid or not available
WARNING: [Board 49-26] cannot add Board Part xilinx.com:kr260_som:part0:1.1 available at D:/Vivado/2023.2/data/xhub/boards/XilinxBoardStore/boards/Xilinx/kr260_som/1.1/board.xml as part xck26-sfvc784-2lv-c specified in board_part file is either invalid or not available
WARNING: [Board 49-26] cannot add Board Part xilinx.com:kv260_som:part0:1.2 available at D:/Vivado/2023.2/data/xhub/boards/XilinxBoardStore/boards/Xilinx/kv260_som/1.2/board.xml as part xck26-sfvc784-2lv-c specified in board_part file is either invalid or not available
WARNING: [Board 49-26] cannot add Board Part xilinx.com:kv260_som:part0:1.3 available at D:/Vivado/2023.2/data/xhub/boards/XilinxBoardStore/boards/Xilinx/kv260_som/1.3/board.xml as part xck26-sfvc784-2lv-c specified in board_part file is either invalid or not available
WARNING: [Board 49-26] cannot add Board Part xilinx.com:kv260_som:part0:1.4 available at D:/Vivado/2023.2/data/xhub/boards/XilinxBoardStore/boards/Xilinx/kv260_som/1.4/board.xml as part xck26-sfvc784-2lv-c specified in board_part file is either invalid or not available
WARNING: [Board 49-26] cannot add Board Part xilinx.com:sp701:part0:1.0 available at D:/Vivado/2023.2/data/xhub/boards/XilinxBoardStore/boards/Xilinx/sp701/1.0/board.xml as part xc7s100fgga676-2 specified in board_part file is either invalid or not available
WARNING: [Board 49-26] cannot add Board Part xilinx.com:sp701:part0:1.1 available at D:/Vivado/2023.2/data/xhub/boards/XilinxBoardStore/boards/Xilinx/sp701/1.1/board.xml as part xc7s100fgga676-2 specified in board_part file is either invalid or not available
WARNING: [Board 49-26] cannot add Board Part xilinx.com:vc707:part0:1.4 available at D:/Vivado/2023.2/data/xhub/boards/XilinxBoardStore/boards/Xilinx/vc707/1.4/board.xml as part xc7vx485tffg1761-2 specified in board_part file is either invalid or not available
WARNING: [Board 49-26] cannot add Board Part xilinx.com:vc709:part0:1.8 available at D:/Vivado/2023.2/data/xhub/boards/XilinxBoardStore/boards/Xilinx/vc709/1.8/board.xml as part xc7vx690tffg1761-2 specified in board_part file is either invalid or not available
WARNING: [Board 49-26] cannot add Board Part xilinx.com:vck190:part0:2.2 available at D:/Vivado/2023.2/data/xhub/boards/XilinxBoardStore/boards/Xilinx/vck190/production/2.2/board.xml as part xcvc1902-vsva2197-2mp-e-s specified in board_part file is either invalid or not available
WARNING: [Board 49-26] cannot add Board Part xilinx.com:vck190:part0:3.0 available at D:/Vivado/2023.2/data/xhub/boards/XilinxBoardStore/boards/Xilinx/vck190/production/3.0/board.xml as part xcvc1902-vsva2197-2mp-e-s specified in board_part file is either invalid or not available
WARNING: [Board 49-26] cannot add Board Part xilinx.com:vck190:part0:3.1 available at D:/Vivado/2023.2/data/xhub/boards/XilinxBoardStore/boards/Xilinx/vck190/production/3.1/board.xml as part xcvc1902-vsva2197-2mp-e-s specified in board_part file is either invalid or not available
WARNING: [Board 49-26] cannot add Board Part xilinx.com:vck190:part0:3.2 available at D:/Vivado/2023.2/data/xhub/boards/XilinxBoardStore/boards/Xilinx/vck190/production/3.2/board.xml as part xcvc1902-vsva2197-2mp-e-s specified in board_part file is either invalid or not available
WARNING: [Board 49-26] cannot add Board Part xilinx.com:vck190_newl:part0:1.0 available at D:/Vivado/2023.2/data/xhub/boards/XilinxBoardStore/boards/Xilinx/vck190_newl/production/1.0/board.xml as part xcvc1902-vsva2197-2mp-e-s specified in board_part file is either invalid or not available
WARNING: [Board 49-26] cannot add Board Part xilinx.com:vck190_newl:part0:1.1 available at D:/Vivado/2023.2/data/xhub/boards/XilinxBoardStore/boards/Xilinx/vck190_newl/production/1.1/board.xml as part xcvc1902-vsva2197-2mp-e-s specified in board_part file is either invalid or not available
WARNING: [Board 49-26] cannot add Board Part xilinx.com:vcu108:part0:1.6 available at D:/Vivado/2023.2/data/xhub/boards/XilinxBoardStore/boards/Xilinx/vcu108/1.6/board.xml as part xcvu095-ffva2104-2-e specified in board_part file is either invalid or not available
WARNING: [Board 49-26] cannot add Board Part xilinx.com:vcu108:part0:1.7 available at D:/Vivado/2023.2/data/xhub/boards/XilinxBoardStore/boards/Xilinx/vcu108/1.7/board.xml as part xcvu095-ffva2104-2-e specified in board_part file is either invalid or not available
WARNING: [Board 49-26] cannot add Board Part xilinx.com:vcu110:part0:1.4 available at D:/Vivado/2023.2/data/xhub/boards/XilinxBoardStore/boards/Xilinx/vcu110/1.4/board.xml as part xcvu190-flgc2104-2-e specified in board_part file is either invalid or not available
WARNING: [Board 49-26] cannot add Board Part xilinx.com:vcu118:part0:2.0 available at D:/Vivado/2023.2/data/xhub/boards/XilinxBoardStore/boards/Xilinx/vcu118/2.0/board.xml as part xcvu9p-flga2104-2l-e specified in board_part file is either invalid or not available
WARNING: [Board 49-26] cannot add Board Part xilinx.com:vcu118:part0:2.3 available at D:/Vivado/2023.2/data/xhub/boards/XilinxBoardStore/boards/Xilinx/vcu118/2.3/board.xml as part xcvu9p-flga2104-2l-e specified in board_part file is either invalid or not available
WARNING: [Board 49-26] cannot add Board Part xilinx.com:vcu118:part0:2.4 available at D:/Vivado/2023.2/data/xhub/boards/XilinxBoardStore/boards/Xilinx/vcu118/2.4/board.xml as part xcvu9p-flga2104-2l-e specified in board_part file is either invalid or not available
WARNING: [Board 49-26] cannot add Board Part xilinx.com:vcu128:part0:1.0 available at D:/Vivado/2023.2/data/xhub/boards/XilinxBoardStore/boards/Xilinx/vcu128/production/1.0/board.xml as part xcvu37p-fsvh2892-2l-e specified in board_part file is either invalid or not available
WARNING: [Board 49-26] cannot add Board Part xilinx.com:vcu129:part0:1.0 available at D:/Vivado/2023.2/data/xhub/boards/XilinxBoardStore/boards/Xilinx/vcu129/production/1.0/board.xml as part xcvu29p-fsga2577-2l-e specified in board_part file is either invalid or not available
WARNING: [Board 49-26] cannot add Board Part xilinx.com:vcu1525:part0:1.3 available at D:/Vivado/2023.2/data/xhub/boards/XilinxBoardStore/boards/Xilinx/vcu1525/1.3/board.xml as part xcvu9p-fsgd2104-2l-e specified in board_part file is either invalid or not available
WARNING: [Board 49-26] cannot add Board Part xilinx.com:vek280:part0:1.0 available at D:/Vivado/2023.2/data/xhub/boards/XilinxBoardStore/boards/Xilinx/vek280/production/1.0/board.xml as part xcve2802-vsvh1760-2mp-e-s specified in board_part file is either invalid or not available
WARNING: [Board 49-26] cannot add Board Part xilinx.com:vek280_es:part0:1.0 available at D:/Vivado/2023.2/data/xhub/boards/XilinxBoardStore/boards/Xilinx/vek280/es/rev_a/1.0/board.xml as part xcve2802-vsvh1760-2lp-e-s-es1 specified in board_part file is either invalid or not available
WARNING: [Board 49-26] cannot add Board Part xilinx.com:vek280_es:part0:1.1 available at D:/Vivado/2023.2/data/xhub/boards/XilinxBoardStore/boards/Xilinx/vek280/es/rev_a/1.1/board.xml as part xcve2802-vsvh1760-2lp-e-s-es1 specified in board_part file is either invalid or not available
WARNING: [Board 49-26] cannot add Board Part xilinx.com:vek280_es_revb:part0:1.0 available at D:/Vivado/2023.2/data/xhub/boards/XilinxBoardStore/boards/Xilinx/vek280/es/rev_b/1.0/board.xml as part xcve2802-vsvh1760-2mp-e-s-es1 specified in board_part file is either invalid or not available
WARNING: [Board 49-26] cannot add Board Part xilinx.com:vek280_es_revb:part0:1.1 available at D:/Vivado/2023.2/data/xhub/boards/XilinxBoardStore/boards/Xilinx/vek280/es/rev_b/1.1/board.xml as part xcve2802-vsvh1760-2mp-e-s-es1 specified in board_part file is either invalid or not available
WARNING: [Board 49-26] cannot add Board Part xilinx.com:vermeo_t1_mpsoc:part0:1.0 available at D:/Vivado/2023.2/data/xhub/boards/XilinxBoardStore/boards/Xilinx/vermeo_t1_mpsoc/1.0/board.xml as part xczu19eg-ffvd1760-2l-e specified in board_part file is either invalid or not available
WARNING: [Board 49-26] cannot add Board Part xilinx.com:vermeo_t1_rfsoc:part0:1.0 available at D:/Vivado/2023.2/data/xhub/boards/XilinxBoardStore/boards/Xilinx/vermeo_t1_rfsoc/1.0/board.xml as part xczu21dr-ffvd1156-2l-e specified in board_part file is either invalid or not available
WARNING: [Board 49-26] cannot add Board Part xilinx.com:vhk158:part0:1.0 available at D:/Vivado/2023.2/data/xhub/boards/XilinxBoardStore/boards/Xilinx/vhk158/production/1.0/board.xml as part xcvh1582-vsva3697-2mp-e-s specified in board_part file is either invalid or not available
WARNING: [Board 49-26] cannot add Board Part xilinx.com:vhk158:part0:1.1 available at D:/Vivado/2023.2/data/xhub/boards/XilinxBoardStore/boards/Xilinx/vhk158/production/1.1/board.xml as part xcvh1582-vsva3697-2mp-e-s specified in board_part file is either invalid or not available
WARNING: [Board 49-26] cannot add Board Part xilinx.com:vhk158_es:part0:1.0 available at D:/Vivado/2023.2/data/xhub/boards/XilinxBoardStore/boards/Xilinx/vhk158/es/1.0/board.xml as part xcvh1582-vsva3697-2mp-e-s-es1 specified in board_part file is either invalid or not available
WARNING: [Board 49-26] cannot add Board Part xilinx.com:vhk158_es:part0:1.1 available at D:/Vivado/2023.2/data/xhub/boards/XilinxBoardStore/boards/Xilinx/vhk158/es/1.1/board.xml as part xcvh1582-vsva3697-2mp-e-s-es1 specified in board_part file is either invalid or not available
WARNING: [Board 49-26] cannot add Board Part xilinx.com:vmk180:part0:2.2 available at D:/Vivado/2023.2/data/xhub/boards/XilinxBoardStore/boards/Xilinx/vmk180/production/2.2/board.xml as part xcvm1802-vsva2197-2mp-e-s specified in board_part file is either invalid or not available
WARNING: [Board 49-26] cannot add Board Part xilinx.com:vmk180:part0:3.0 available at D:/Vivado/2023.2/data/xhub/boards/XilinxBoardStore/boards/Xilinx/vmk180/production/3.0/board.xml as part xcvm1802-vsva2197-2mp-e-s specified in board_part file is either invalid or not available
WARNING: [Board 49-26] cannot add Board Part xilinx.com:vmk180:part0:3.1 available at D:/Vivado/2023.2/data/xhub/boards/XilinxBoardStore/boards/Xilinx/vmk180/production/3.1/board.xml as part xcvm1802-vsva2197-2mp-e-s specified in board_part file is either invalid or not available
WARNING: [Board 49-26] cannot add Board Part xilinx.com:vmk180:part0:3.2 available at D:/Vivado/2023.2/data/xhub/boards/XilinxBoardStore/boards/Xilinx/vmk180/production/3.2/board.xml as part xcvm1802-vsva2197-2mp-e-s specified in board_part file is either invalid or not available
WARNING: [Board 49-26] cannot add Board Part xilinx.com:vmk180_newl:part0:1.0 available at D:/Vivado/2023.2/data/xhub/boards/XilinxBoardStore/boards/Xilinx/vmk180_newl/production/1.0/board.xml as part xcvm1802-vsva2197-2mp-e-s specified in board_part file is either invalid or not available
WARNING: [Board 49-26] cannot add Board Part xilinx.com:vmk180_newl:part0:1.1 available at D:/Vivado/2023.2/data/xhub/boards/XilinxBoardStore/boards/Xilinx/vmk180_newl/production/1.1/board.xml as part xcvm1802-vsva2197-2mp-e-s specified in board_part file is either invalid or not available
WARNING: [Board 49-26] cannot add Board Part xilinx.com:vpk120:part0:1.0 available at D:/Vivado/2023.2/data/xhub/boards/XilinxBoardStore/boards/Xilinx/vpk120/production/1.0/board.xml as part xcvp1202-vsva2785-2mp-e-s specified in board_part file is either invalid or not available
WARNING: [Board 49-26] cannot add Board Part xilinx.com:vpk120:part0:1.1 available at D:/Vivado/2023.2/data/xhub/boards/XilinxBoardStore/boards/Xilinx/vpk120/production/1.1/board.xml as part xcvp1202-vsva2785-2mp-e-s specified in board_part file is either invalid or not available
WARNING: [Board 49-26] cannot add Board Part xilinx.com:vpk120:part0:1.2 available at D:/Vivado/2023.2/data/xhub/boards/XilinxBoardStore/boards/Xilinx/vpk120/production/1.2/board.xml as part xcvp1202-vsva2785-2mp-e-s specified in board_part file is either invalid or not available
WARNING: [Board 49-26] cannot add Board Part xilinx.com:vpk180:part0:1.0 available at D:/Vivado/2023.2/data/xhub/boards/XilinxBoardStore/boards/Xilinx/vpk180/production/1.0/board.xml as part xcvp1802-lsvc4072-2mp-e-s specified in board_part file is either invalid or not available
WARNING: [Board 49-26] cannot add Board Part xilinx.com:vpk180:part0:1.1 available at D:/Vivado/2023.2/data/xhub/boards/XilinxBoardStore/boards/Xilinx/vpk180/production/1.1/board.xml as part xcvp1802-lsvc4072-2mp-e-s specified in board_part file is either invalid or not available
WARNING: [Board 49-26] cannot add Board Part xilinx.com:zc702:part0:1.4 available at D:/Vivado/2023.2/data/xhub/boards/XilinxBoardStore/boards/Xilinx/zc702/1.4/board.xml as part xc7z020clg484-1 specified in board_part file is either invalid or not available
WARNING: [Board 49-26] cannot add Board Part xilinx.com:zc706:part0:1.4 available at D:/Vivado/2023.2/data/xhub/boards/XilinxBoardStore/boards/Xilinx/zc706/1.4/board.xml as part xc7z045ffg900-2 specified in board_part file is either invalid or not available
WARNING: [Board 49-26] cannot add Board Part xilinx.com:zcu102:part0:3.3 available at D:/Vivado/2023.2/data/xhub/boards/XilinxBoardStore/boards/Xilinx/zcu102/3.3/board.xml as part xczu9eg-ffvb1156-2-e specified in board_part file is either invalid or not available
WARNING: [Board 49-26] cannot add Board Part xilinx.com:zcu102:part0:3.4 available at D:/Vivado/2023.2/data/xhub/boards/XilinxBoardStore/boards/Xilinx/zcu102/3.4/board.xml as part xczu9eg-ffvb1156-2-e specified in board_part file is either invalid or not available
WARNING: [Board 49-26] cannot add Board Part xilinx.com:zcu104:part0:1.1 available at D:/Vivado/2023.2/data/xhub/boards/XilinxBoardStore/boards/Xilinx/zcu104/1.1/board.xml as part xczu7ev-ffvc1156-2-e specified in board_part file is either invalid or not available
WARNING: [Board 49-26] cannot add Board Part xilinx.com:zcu106:part0:2.4 available at D:/Vivado/2023.2/data/xhub/boards/XilinxBoardStore/boards/Xilinx/zcu106/2.4/board.xml as part xczu7ev-ffvc1156-2-e specified in board_part file is either invalid or not available
WARNING: [Board 49-26] cannot add Board Part xilinx.com:zcu106:part0:2.5 available at D:/Vivado/2023.2/data/xhub/boards/XilinxBoardStore/boards/Xilinx/zcu106/2.5/board.xml as part xczu7ev-ffvc1156-2-e specified in board_part file is either invalid or not available
WARNING: [Board 49-26] cannot add Board Part xilinx.com:zcu106:part0:2.6 available at D:/Vivado/2023.2/data/xhub/boards/XilinxBoardStore/boards/Xilinx/zcu106/2.6/board.xml as part xczu7ev-ffvc1156-2-e specified in board_part file is either invalid or not available
WARNING: [Board 49-26] cannot add Board Part xilinx.com:zcu111:part0:1.2 available at D:/Vivado/2023.2/data/xhub/boards/XilinxBoardStore/boards/Xilinx/zcu111/1.2/board.xml as part xczu28dr-ffvg1517-2-e specified in board_part file is either invalid or not available
WARNING: [Board 49-26] cannot add Board Part xilinx.com:zcu111:part0:1.3 available at D:/Vivado/2023.2/data/xhub/boards/XilinxBoardStore/boards/Xilinx/zcu111/1.3/board.xml as part xczu28dr-ffvg1517-2-e specified in board_part file is either invalid or not available
WARNING: [Board 49-26] cannot add Board Part xilinx.com:zcu111:part0:1.4 available at D:/Vivado/2023.2/data/xhub/boards/XilinxBoardStore/boards/Xilinx/zcu111/1.4/board.xml as part xczu28dr-ffvg1517-2-e specified in board_part file is either invalid or not available
WARNING: [Board 49-26] cannot add Board Part xilinx.com:zcu1275:part0:1.0 available at D:/Vivado/2023.2/data/xhub/boards/XilinxBoardStore/boards/Xilinx/zcu1275/1.0/board.xml as part xczu29dr-ffvf1760-2-e specified in board_part file is either invalid or not available
WARNING: [Board 49-26] cannot add Board Part xilinx.com:zcu1285:part0:1.0 available at D:/Vivado/2023.2/data/xhub/boards/XilinxBoardStore/boards/Xilinx/zcu1285/1.0/board.xml as part xczu39dr-ffvf1760-2-i specified in board_part file is either invalid or not available
WARNING: [Board 49-26] cannot add Board Part xilinx.com:zcu208:part0:2.0 available at D:/Vivado/2023.2/data/xhub/boards/XilinxBoardStore/boards/Xilinx/zcu208/production/2.0/board.xml as part xczu48dr-fsvg1517-2-e specified in board_part file is either invalid or not available
WARNING: [Board 49-26] cannot add Board Part xilinx.com:zcu208ld:part0:2.0 available at D:/Vivado/2023.2/data/xhub/boards/XilinxBoardStore/boards/Xilinx/zcu208ld/production/2.0/board.xml as part xczu58dr-fsvg1517-2-i specified in board_part file is either invalid or not available
WARNING: [Board 49-26] cannot add Board Part xilinx.com:zcu216:part0:2.0 available at D:/Vivado/2023.2/data/xhub/boards/XilinxBoardStore/boards/Xilinx/zcu216/production/2.0/board.xml as part xczu49dr-ffvf1760-2-e specified in board_part file is either invalid or not available
WARNING: [Board 49-26] cannot add Board Part xilinx.com:zcu216ld:part0:2.0 available at D:/Vivado/2023.2/data/xhub/boards/XilinxBoardStore/boards/Xilinx/zcu216ld/production/2.0/board.xml as part xczu59dr-ffvf1760-2-i specified in board_part file is either invalid or not available
WARNING: [Board 49-26] cannot add Board Part xilinx.com:zcu670:part0:2.0 available at D:/Vivado/2023.2/data/xhub/boards/XilinxBoardStore/boards/Xilinx/zcu670/2.0/board.xml as part xczu67dr-fsve1156-2-i specified in board_part file is either invalid or not available
WARNING: [Board 49-26] cannot add Board Part xilinx.com:zcu670ld:part0:1.0 available at D:/Vivado/2023.2/data/xhub/boards/XilinxBoardStore/boards/Xilinx/zcu670ld/1.0/board.xml as part xczu57dr-fsve1156-2-i specified in board_part file is either invalid or not available
INFO: [filemgmt 56-3] Default IP Output Path : Could not find the directory 'C:/Users/L1510/Desktop/LA9/LA/cdp_ede_local-master/mycpu_env/gettrace/gettrace.gen/sources_1'.
Scanning sources...
Finished scanning sources
INFO: [IP_Flow 19-234] Refreshing IP repositories
INFO: [IP_Flow 19-1704] No user IP repositories specified
INFO: [IP_Flow 19-2313] Loaded Vivado IP repository 'D:/Vivado/2023.2/data/ip'.
open_project: Time (s): cpu = 00:00:12 ; elapsed = 00:00:24 . Memory (MB): peak = 1487.902 ; gain = 287.547
update_compile_order -fileset sources_1
launch_simulation
Command: launch_simulation 
INFO: [Vivado 12-12493] Simulation top is 'tb_top'
WARNING: [Vivado 12-13340] Unable to auto find GCC executables from simulator install path! (path not set)
INFO: [Vivado 12-5682] Launching behavioral simulation in 'C:/Users/L1510/Desktop/LA9/LA/cdp_ede_local-master/mycpu_env/gettrace/gettrace.sim/sim_1/behav/xsim'
INFO: [SIM-utils-51] Simulation object is 'sim_1'
INFO: [SIM-utils-72] Using boost library from 'D:/Vivado/2023.2/tps/boost_1_72_0'
INFO: [SIM-utils-54] Inspecting design source files for 'tb_top' in fileset 'sim_1'...
INFO: [USF-XSim-97] Finding global include files...
INFO: [USF-XSim-98] Fetching design files from 'sim_1'...
INFO: [USF-XSim-2] XSim::Compile design
INFO: [USF-XSim-61] Executing 'COMPILE and ANALYZE' step in 'C:/Users/L1510/Desktop/LA9/LA/cdp_ede_local-master/mycpu_env/gettrace/gettrace.sim/sim_1/behav/xsim'
"xvlog --incr --relax -prj tb_top_vlog.prj"
ECHO 处于关闭状态。
ECHO 处于关闭状态。
INFO: [USF-XSim-69] 'compile' step finished in '2' seconds
INFO: [USF-XSim-3] XSim::Elaborate design
INFO: [USF-XSim-61] Executing 'ELABORATE' step in 'C:/Users/L1510/Desktop/LA9/LA/cdp_ede_local-master/mycpu_env/gettrace/gettrace.sim/sim_1/behav/xsim'
"xelab --incr --debug typical --relax --mt 2 -L xil_defaultlib -L unisims_ver -L unimacro_ver -L secureip --snapshot tb_top_behav xil_defaultlib.tb_top xil_defaultlib.glbl -log elaborate.log"
ECHO 处于关闭状态。
ECHO 处于关闭状态。
Vivado Simulator v2023.2
Copyright 1986-2022 Xilinx, Inc. All Rights Reserved.
Copyright 2022-2023 Advanced Micro Devices, Inc. All Rights Reserved.
Running: D:/Vivado/2023.2/bin/unwrapped/win64.o/xelab.exe --incr --debug typical --relax --mt 2 -L xil_defaultlib -L unisims_ver -L unimacro_ver -L secureip --snapshot tb_top_behav xil_defaultlib.tb_top xil_defaultlib.glbl -log elaborate.log 
Using 2 slave threads.
Starting static elaboration
Pass Through NonSizing Optimizer
Completed static elaboration
INFO: [XSIM 43-4323] No Change in HDL. Linking previously generated obj files to create kernel
INFO: [USF-XSim-69] 'elaborate' step finished in '3' seconds
INFO: [USF-XSim-4] XSim::Simulate design
INFO: [USF-XSim-61] Executing 'SIMULATE' step in 'C:/Users/L1510/Desktop/LA9/LA/cdp_ede_local-master/mycpu_env/gettrace/gettrace.sim/sim_1/behav/xsim'
INFO: [USF-XSim-98] *** Running xsim
   with args "tb_top_behav -key {Behavioral:sim_1:Functional:tb_top} -tclbatch {tb_top.tcl} -log {simulate.log}"
INFO: [USF-XSim-8] Loading simulator feature
Time resolution is 1 ps
source tb_top.tcl
# set curr_wave [current_wave_config]
# if { [string length $curr_wave] == 0 } {
#   if { [llength [get_objects]] > 0} {
#     add_wave /
#     set_property needs_save false [current_wave_config]
#   } else {
#      send_msg_id Add_Wave-1 WARNING "No top level signals found. Simulator will start without a wave window. If you want to open a wave window go to 'File->New Waveform Configuration' or type 'create_wave_config' in the TCL console."
#   }
# }
# run 1000ns
INFO: [USF-XSim-96] XSim completed. Design snapshot 'tb_top_behav' loaded.
INFO: [USF-XSim-97] XSim simulation ran for 1000ns
launch_simulation: Time (s): cpu = 00:00:01 ; elapsed = 00:00:09 . Memory (MB): peak = 1552.293 ; gain = 14.586
run all
==============================================================
Test begin!
----[  12055 ns] Number 8'd01 Functional Test Point PASS!!!
        [  22000 ns] Test is running, debug_wb_pc = 0x1c04c1ac
        [  32000 ns] Test is running, debug_wb_pc = 0x1c04d14c
----[  36405 ns] Number 8'd02 Functional Test Point PASS!!!
        [  42000 ns] Test is running, debug_wb_pc = 0x1c061ca0
        [  52000 ns] Test is running, debug_wb_pc = 0x1c062c40
----[  54735 ns] Number 8'd03 Functional Test Point PASS!!!
        [  62000 ns] Test is running, debug_wb_pc = 0x1c072a4c
        [  72000 ns] Test is running, debug_wb_pc = 0x1c0739ec
----[  79085 ns] Number 8'd04 Functional Test Point PASS!!!
        [  82000 ns] Test is running, debug_wb_pc = 0x1c074940
        [  92000 ns] Test is running, debug_wb_pc = 0x1c0758e0
        [ 102000 ns] Test is running, debug_wb_pc = 0x1c076880
----[ 103435 ns] Number 8'd05 Functional Test Point PASS!!!
        [ 112000 ns] Test is running, debug_wb_pc = 0x1c0777d4
        [ 122000 ns] Test is running, debug_wb_pc = 0x1c078774
----[ 127785 ns] Number 8'd06 Functional Test Point PASS!!!
        [ 132000 ns] Test is running, debug_wb_pc = 0x1c0796c8
        [ 142000 ns] Test is running, debug_wb_pc = 0x1c07a668
        [ 152000 ns] Test is running, debug_wb_pc = 0x1c07b608
----[ 152135 ns] Number 8'd07 Functional Test Point PASS!!!
        [ 162000 ns] Test is running, debug_wb_pc = 0x1c07c55c
        [ 172000 ns] Test is running, debug_wb_pc = 0x1c07d4fc
----[ 176485 ns] Number 8'd08 Functional Test Point PASS!!!
        [ 182000 ns] Test is running, debug_wb_pc = 0x1c07e450
        [ 192000 ns] Test is running, debug_wb_pc = 0x1c07f3f0
----[ 200835 ns] Number 8'd09 Functional Test Point PASS!!!
        [ 202000 ns] Test is running, debug_wb_pc = 0x1c0108b4
        [ 212000 ns] Test is running, debug_wb_pc = 0x1c011854
        [ 222000 ns] Test is running, debug_wb_pc = 0x1c0127f4
----[ 225185 ns] Number 8'd10 Functional Test Point PASS!!!
        [ 232000 ns] Test is running, debug_wb_pc = 0x1c013748
        [ 242000 ns] Test is running, debug_wb_pc = 0x1c0146e8
----[ 243515 ns] Number 8'd11 Functional Test Point PASS!!!
        [ 252000 ns] Test is running, debug_wb_pc = 0x1c01563c
----[ 261845 ns] Number 8'd12 Functional Test Point PASS!!!
        [ 262000 ns] Test is running, debug_wb_pc = 0x1c010260
        [ 272000 ns] Test is running, debug_wb_pc = 0x1c017530
----[ 280175 ns] Number 8'd13 Functional Test Point PASS!!!
        [ 282000 ns] Test is running, debug_wb_pc = 0x1c018484
----[ 290685 ns] Number 8'd14 Functional Test Point PASS!!!
        [ 292000 ns] Test is running, debug_wb_pc = 0x1c0193d8
----[ 301995 ns] Number 8'd15 Functional Test Point PASS!!!
        [ 302000 ns] Test is running, debug_wb_pc = 0x1c0100c4
        [ 312000 ns] Test is running, debug_wb_pc = 0x1c01b7a4
        [ 322000 ns] Test is running, debug_wb_pc = 0x1c01cbf4
        [ 332000 ns] Test is running, debug_wb_pc = 0x1c01dce4
        [ 342000 ns] Test is running, debug_wb_pc = 0x1c01edec
        [ 352000 ns] Test is running, debug_wb_pc = 0x1c0201a4
        [ 362000 ns] Test is running, debug_wb_pc = 0x1c021634
----[ 363495 ns] Number 8'd16 Functional Test Point PASS!!!
        [ 372000 ns] Test is running, debug_wb_pc = 0x1c02274c
        [ 382000 ns] Test is running, debug_wb_pc = 0x1c023830
        [ 392000 ns] Test is running, debug_wb_pc = 0x1c024b2c
        [ 402000 ns] Test is running, debug_wb_pc = 0x1c025fbc
        [ 412000 ns] Test is running, debug_wb_pc = 0x1c027214
        [ 422000 ns] Test is running, debug_wb_pc = 0x1c028304
----[ 428955 ns] Number 8'd17 Functional Test Point PASS!!!
        [ 432000 ns] Test is running, debug_wb_pc = 0x1c0293b4
        [ 442000 ns] Test is running, debug_wb_pc = 0x1c02a498
        [ 452000 ns] Test is running, debug_wb_pc = 0x1c02b55c
        [ 462000 ns] Test is running, debug_wb_pc = 0x1c02c62c
        [ 472000 ns] Test is running, debug_wb_pc = 0x1c02d704
----[ 481225 ns] Number 8'd18 Functional Test Point PASS!!!
        [ 482000 ns] Test is running, debug_wb_pc = 0x1c02e780
        [ 492000 ns] Test is running, debug_wb_pc = 0x1c02f870
        [ 502000 ns] Test is running, debug_wb_pc = 0x1c030960
        [ 512000 ns] Test is running, debug_wb_pc = 0x1c031a48
        [ 522000 ns] Test is running, debug_wb_pc = 0x1c032b38
----[ 529495 ns] Number 8'd19 Functional Test Point PASS!!!
        [ 532000 ns] Test is running, debug_wb_pc = 0x1c034b3c
        [ 542000 ns] Test is running, debug_wb_pc = 0x1c035c84
        [ 552000 ns] Test is running, debug_wb_pc = 0x1c036dc4
        [ 562000 ns] Test is running, debug_wb_pc = 0x1c037f0c
----[ 567765 ns] Number 8'd20 Functional Test Point PASS!!!
        [ 572000 ns] Test is running, debug_wb_pc = 0x1c038f48
        [ 582000 ns] Test is running, debug_wb_pc = 0x1c039ef0
        [ 592000 ns] Test is running, debug_wb_pc = 0x1c03ae90
----[ 595125 ns] Number 8'd21 Functional Test Point PASS!!!
        [ 602000 ns] Test is running, debug_wb_pc = 0x1c03bde8
        [ 612000 ns] Test is running, debug_wb_pc = 0x1c03cd88
----[ 613455 ns] Number 8'd22 Functional Test Point PASS!!!
        [ 622000 ns] Test is running, debug_wb_pc = 0x1c03dcdc
----[ 631785 ns] Number 8'd23 Functional Test Point PASS!!!
        [ 632000 ns] Test is running, debug_wb_pc = 0x1c03ec30
        [ 642000 ns] Test is running, debug_wb_pc = 0x1c03fbd0
----[ 650115 ns] Number 8'd24 Functional Test Point PASS!!!
        [ 652000 ns] Test is running, debug_wb_pc = 0x1c040b24
        [ 662000 ns] Test is running, debug_wb_pc = 0x1c041ac4
----[ 668445 ns] Number 8'd25 Functional Test Point PASS!!!
        [ 672000 ns] Test is running, debug_wb_pc = 0x1c042a18
        [ 682000 ns] Test is running, debug_wb_pc = 0x1c0439b8
----[ 686775 ns] Number 8'd26 Functional Test Point PASS!!!
        [ 692000 ns] Test is running, debug_wb_pc = 0x1c04490c
        [ 702000 ns] Test is running, debug_wb_pc = 0x1c0458ac
----[ 711125 ns] Number 8'd27 Functional Test Point PASS!!!
        [ 712000 ns] Test is running, debug_wb_pc = 0x1c046800
        [ 722000 ns] Test is running, debug_wb_pc = 0x1c0477a0
        [ 732000 ns] Test is running, debug_wb_pc = 0x1c048740
----[ 735475 ns] Number 8'd28 Functional Test Point PASS!!!
        [ 742000 ns] Test is running, debug_wb_pc = 0x1c049694
        [ 752000 ns] Test is running, debug_wb_pc = 0x1c04a634
----[ 759825 ns] Number 8'd29 Functional Test Point PASS!!!
        [ 762000 ns] Test is running, debug_wb_pc = 0x1c04db48
----[ 768595 ns] Number 8'd30 Functional Test Point PASS!!!
        [ 772000 ns] Test is running, debug_wb_pc = 0x1c04ea9c
----[ 781235 ns] Number 8'd31 Functional Test Point PASS!!!
        [ 782000 ns] Test is running, debug_wb_pc = 0x1c04f9f4
        [ 792000 ns] Test is running, debug_wb_pc = 0x1c050994
----[ 793625 ns] Number 8'd32 Functional Test Point PASS!!!
        [ 802000 ns] Test is running, debug_wb_pc = 0x1c0518e8
----[ 806155 ns] Number 8'd33 Functional Test Point PASS!!!
        [ 812000 ns] Test is running, debug_wb_pc = 0x1c05283c
----[ 817525 ns] Number 8'd34 Functional Test Point PASS!!!
        [ 822000 ns] Test is running, debug_wb_pc = 0x1c053790
----[ 827485 ns] Number 8'd35 Functional Test Point PASS!!!
        [ 832000 ns] Test is running, debug_wb_pc = 0x1c0546e8
----[ 841825 ns] Number 8'd36 Functional Test Point PASS!!!
        [ 842000 ns] Test is running, debug_wb_pc = 0x1c010268
        [ 852000 ns] Test is running, debug_wb_pc = 0x1c0569d0
        [ 862000 ns] Test is running, debug_wb_pc = 0x1c057d80
        [ 872000 ns] Test is running, debug_wb_pc = 0x1c059138
----[ 873975 ns] Number 8'd37 Functional Test Point PASS!!!
        [ 882000 ns] Test is running, debug_wb_pc = 0x1c05a4d4
        [ 892000 ns] Test is running, debug_wb_pc = 0x1c05b8b4
        [ 902000 ns] Test is running, debug_wb_pc = 0x1c05cc14
----[ 906715 ns] Number 8'd38 Functional Test Point PASS!!!
        [ 912000 ns] Test is running, debug_wb_pc = 0x1c05df04
        [ 922000 ns] Test is running, debug_wb_pc = 0x1c05f2c4
        [ 932000 ns] Test is running, debug_wb_pc = 0x1c0605d4
----[ 939415 ns] Number 8'd39 Functional Test Point PASS!!!
        [ 942000 ns] Test is running, debug_wb_pc = 0x1c06353c
        [ 952000 ns] Test is running, debug_wb_pc = 0x1c06489c
        [ 962000 ns] Test is running, debug_wb_pc = 0x1c065c64
        [ 972000 ns] Test is running, debug_wb_pc = 0x1c067044
----[ 972215 ns] Number 8'd40 Functional Test Point PASS!!!
        [ 982000 ns] Test is running, debug_wb_pc = 0x1c067f94
----[ 991205 ns] Number 8'd41 Functional Test Point PASS!!!
        [ 992000 ns] Test is running, debug_wb_pc = 0x1c068ee8
        [1002000 ns] Test is running, debug_wb_pc = 0x1c069e88
----[1005235 ns] Number 8'd42 Functional Test Point PASS!!!
        [1012000 ns] Test is running, debug_wb_pc = 0x1c06addc
        [1022000 ns] Test is running, debug_wb_pc = 0x1c06bd7c
----[1025665 ns] Number 8'd43 Functional Test Point PASS!!!
        [1032000 ns] Test is running, debug_wb_pc = 0x1c06ccd0
        [1042000 ns] Test is running, debug_wb_pc = 0x1c06dc70
----[1043535 ns] Number 8'd44 Functional Test Point PASS!!!
        [1052000 ns] Test is running, debug_wb_pc = 0x1c06ebc4
        [1062000 ns] Test is running, debug_wb_pc = 0x1c06fb64
----[1065275 ns] Number 8'd45 Functional Test Point PASS!!!
        [1072000 ns] Test is running, debug_wb_pc = 0x1c070abc
        [1082000 ns] Test is running, debug_wb_pc = 0x1c071a5c
----[1085115 ns] Number 8'd46 Functional Test Point PASS!!!
==============================================================
gettrace end!
----Succeed in generating trace file!
$finish called at time : 1085445 ns : File "C:/Users/L1510/Desktop/LA9/LA/cdp_ede_local-master/mycpu_env/gettrace/src/tb_top.v" Line 224
run: Time (s): cpu = 00:00:05 ; elapsed = 00:00:30 . Memory (MB): peak = 1558.148 ; gain = 5.855
close_sim
INFO: [Simtcl 6-16] Simulation closed
exit
INFO: [Common 17-206] Exiting Vivado at Thu Dec 12 14:19:17 2024...
